mode: count
github.com/markitos-it/markitos-it-gogoversion/changelog.go:34.66,37.2 2 3
github.com/markitos-it/markitos-it-gogoversion/changelog.go:39.52,41.16 2 3
github.com/markitos-it/markitos-it-gogoversion/changelog.go:41.16,43.3 1 2
github.com/markitos-it/markitos-it-gogoversion/changelog.go:44.2,44.21 1 1
github.com/markitos-it/markitos-it-gogoversion/changelog.go:47.44,49.2 1 10
github.com/markitos-it/markitos-it-gogoversion/changelog.go:51.67,54.16 3 4
github.com/markitos-it/markitos-it-gogoversion/changelog.go:54.16,55.25 1 1
github.com/markitos-it/markitos-it-gogoversion/changelog.go:55.25,57.4 1 1
github.com/markitos-it/markitos-it-gogoversion/changelog.go:58.3,58.20 1 0
github.com/markitos-it/markitos-it-gogoversion/changelog.go:61.2,64.17 4 3
github.com/markitos-it/markitos-it-gogoversion/changelog.go:64.17,66.3 1 1
github.com/markitos-it/markitos-it-gogoversion/changelog.go:68.2,70.19 3 2
github.com/markitos-it/markitos-it-gogoversion/changelog.go:70.19,72.20 2 1
github.com/markitos-it/markitos-it-gogoversion/changelog.go:72.20,74.4 1 0
github.com/markitos-it/markitos-it-gogoversion/changelog.go:75.3,75.57 1 1
github.com/markitos-it/markitos-it-gogoversion/changelog.go:78.2,81.56 4 1
github.com/markitos-it/markitos-it-gogoversion/changelog.go:84.46,87.31 3 3
github.com/markitos-it/markitos-it-gogoversion/changelog.go:87.31,89.3 1 21
github.com/markitos-it/markitos-it-gogoversion/changelog.go:90.2,90.20 1 3
github.com/markitos-it/markitos-it-gogoversion/changelog.go:93.56,95.28 2 24
github.com/markitos-it/markitos-it-gogoversion/changelog.go:95.28,97.37 2 40
github.com/markitos-it/markitos-it-gogoversion/changelog.go:97.37,99.4 1 3
github.com/markitos-it/markitos-it-gogoversion/changelog.go:100.3,100.15 1 40
github.com/markitos-it/markitos-it-gogoversion/changelog.go:100.15,102.4 1 8
github.com/markitos-it/markitos-it-gogoversion/changelog.go:104.2,104.17 1 24
github.com/markitos-it/markitos-it-gogoversion/changelog.go:107.66,108.23 1 21
github.com/markitos-it/markitos-it-gogoversion/changelog.go:108.23,110.3 1 17
github.com/markitos-it/markitos-it-gogoversion/changelog.go:111.2,112.28 2 4
github.com/markitos-it/markitos-it-gogoversion/changelog.go:112.28,115.3 1 4
github.com/markitos-it/markitos-it-gogoversion/changelog.go:116.2,116.22 1 4
github.com/markitos-it/markitos-it-gogoversion/commit.go:26.50,28.24 2 1
github.com/markitos-it/markitos-it-gogoversion/commit.go:28.24,30.3 1 3
github.com/markitos-it/markitos-it-gogoversion/commit.go:31.2,31.16 1 1
github.com/markitos-it/markitos-it-gogoversion/commit.go:34.43,45.20 5 13
github.com/markitos-it/markitos-it-gogoversion/commit.go:45.20,47.3 1 1
github.com/markitos-it/markitos-it-gogoversion/commit.go:49.2,52.36 3 12
github.com/markitos-it/markitos-it-gogoversion/commit.go:52.36,55.3 2 2
github.com/markitos-it/markitos-it-gogoversion/commit.go:57.2,58.15 2 12
github.com/markitos-it/markitos-it-gogoversion/commit.go:61.40,63.2 1 13
github.com/markitos-it/markitos-it-gogoversion/commit.go:65.45,67.2 1 17
github.com/markitos-it/markitos-it-gogoversion/commit.go:69.58,71.19 2 16
github.com/markitos-it/markitos-it-gogoversion/commit.go:71.19,73.3 1 9
github.com/markitos-it/markitos-it-gogoversion/commit.go:74.2,75.20 2 7
github.com/markitos-it/markitos-it-gogoversion/commit.go:75.20,77.3 1 1
github.com/markitos-it/markitos-it-gogoversion/commit.go:78.2,78.55 1 6
github.com/markitos-it/markitos-it-gogoversion/config.go:30.25,32.22 2 0
github.com/markitos-it/markitos-it-gogoversion/config.go:32.22,49.3 16 0
github.com/markitos-it/markitos-it-gogoversion/config.go:50.2,59.45 9 0
github.com/markitos-it/markitos-it-gogoversion/config.go:59.45,62.3 2 0
github.com/markitos-it/markitos-it-gogoversion/config.go:64.2,64.56 1 0
github.com/markitos-it/markitos-it-gogoversion/config.go:64.56,66.3 1 0
github.com/markitos-it/markitos-it-gogoversion/config.go:68.2,68.37 1 0
github.com/markitos-it/markitos-it-gogoversion/config.go:68.37,70.3 1 0
github.com/markitos-it/markitos-it-gogoversion/config.go:72.2,73.20 2 0
github.com/markitos-it/markitos-it-gogoversion/config.go:73.20,74.33 1 0
github.com/markitos-it/markitos-it-gogoversion/config.go:74.33,78.4 3 0
github.com/markitos-it/markitos-it-gogoversion/config.go:79.3,81.13 3 0
github.com/markitos-it/markitos-it-gogoversion/config.go:84.2,85.41 2 0
github.com/markitos-it/markitos-it-gogoversion/config.go:85.41,89.3 3 0
github.com/markitos-it/markitos-it-gogoversion/config.go:91.2,91.41 1 0
github.com/markitos-it/markitos-it-gogoversion/config.go:91.41,95.3 3 0
github.com/markitos-it/markitos-it-gogoversion/config.go:97.2,99.12 2 0
github.com/markitos-it/markitos-it-gogoversion/config.go:109.57,110.22 1 0
github.com/markitos-it/markitos-it-gogoversion/config.go:110.22,111.35 1 0
github.com/markitos-it/markitos-it-gogoversion/config.go:111.35,111.47 1 0
github.com/markitos-it/markitos-it-gogoversion/config.go:113.2,113.37 1 0
github.com/markitos-it/markitos-it-gogoversion/config.go:113.37,115.3 1 0
github.com/markitos-it/markitos-it-gogoversion/config.go:118.37,119.33 1 0
github.com/markitos-it/markitos-it-gogoversion/config.go:119.33,121.3 1 0
github.com/markitos-it/markitos-it-gogoversion/config.go:122.2,123.34 2 0
github.com/markitos-it/markitos-it-gogoversion/config.go:123.34,125.3 1 0
github.com/markitos-it/markitos-it-gogoversion/config.go:126.2,127.9 2 0
github.com/markitos-it/markitos-it-gogoversion/config.go:127.9,129.3 1 0
github.com/markitos-it/markitos-it-gogoversion/config.go:130.2,131.16 2 0
github.com/markitos-it/markitos-it-gogoversion/config.go:131.16,133.3 1 0
github.com/markitos-it/markitos-it-gogoversion/config.go:134.2,134.43 1 0
github.com/markitos-it/markitos-it-gogoversion/main.go:22.13,25.18 2 0
github.com/markitos-it/markitos-it-gogoversion/main.go:25.18,28.3 2 0
github.com/markitos-it/markitos-it-gogoversion/main.go:30.2,30.21 1 0
github.com/markitos-it/markitos-it-gogoversion/main.go:30.21,33.3 2 0
github.com/markitos-it/markitos-it-gogoversion/main.go:35.2,35.14 1 0
github.com/markitos-it/markitos-it-gogoversion/main.go:35.14,38.3 2 0
github.com/markitos-it/markitos-it-gogoversion/main.go:40.2,40.44 1 0
github.com/markitos-it/markitos-it-gogoversion/main.go:40.44,41.30 1 0
github.com/markitos-it/markitos-it-gogoversion/main.go:41.30,44.4 2 0
github.com/markitos-it/markitos-it-gogoversion/main.go:47.2,56.26 7 0
github.com/markitos-it/markitos-it-gogoversion/main.go:56.26,59.3 2 0
github.com/markitos-it/markitos-it-gogoversion/main.go:61.2,66.16 4 0
github.com/markitos-it/markitos-it-gogoversion/main.go:66.16,69.3 2 0
github.com/markitos-it/markitos-it-gogoversion/main.go:71.2,71.22 1 0
github.com/markitos-it/markitos-it-gogoversion/main.go:71.22,74.3 2 0
github.com/markitos-it/markitos-it-gogoversion/main.go:76.2,76.16 1 0
github.com/markitos-it/markitos-it-gogoversion/main.go:76.16,79.3 2 0
github.com/markitos-it/markitos-it-gogoversion/main.go:81.2,81.53 1 0
github.com/markitos-it/markitos-it-gogoversion/main.go:84.35,86.16 2 0
github.com/markitos-it/markitos-it-gogoversion/main.go:86.16,88.3 1 0
github.com/markitos-it/markitos-it-gogoversion/main.go:89.2,89.41 1 0
github.com/markitos-it/markitos-it-gogoversion/main.go:92.41,99.22 7 0
github.com/markitos-it/markitos-it-gogoversion/main.go:99.22,101.3 1 0
github.com/markitos-it/markitos-it-gogoversion/main.go:102.2,102.16 1 0
github.com/markitos-it/markitos-it-gogoversion/main.go:102.16,104.3 1 0
github.com/markitos-it/markitos-it-gogoversion/main.go:105.2,110.16 5 0
github.com/markitos-it/markitos-it-gogoversion/main.go:110.16,112.3 1 0
github.com/markitos-it/markitos-it-gogoversion/main.go:114.2,115.76 2 0
github.com/markitos-it/markitos-it-gogoversion/main.go:118.45,119.16 1 0
github.com/markitos-it/markitos-it-gogoversion/main.go:119.16,122.3 2 0
github.com/markitos-it/markitos-it-gogoversion/release.go:26.73,28.16 2 9
github.com/markitos-it/markitos-it-gogoversion/release.go:28.16,30.3 1 1
github.com/markitos-it/markitos-it-gogoversion/release.go:32.2,40.15 5 9
github.com/markitos-it/markitos-it-gogoversion/release.go:43.72,48.9 4 9
github.com/markitos-it/markitos-it-gogoversion/release.go:49.28,50.84 1 2
github.com/markitos-it/markitos-it-gogoversion/release.go:51.34,52.81 1 3
github.com/markitos-it/markitos-it-gogoversion/release.go:53.10,54.94 1 4
github.com/markitos-it/markitos-it-gogoversion/release.go:58.41,59.58 1 13
github.com/markitos-it/markitos-it-gogoversion/release.go:59.58,59.79 1 15
github.com/markitos-it/markitos-it-gogoversion/release.go:62.49,63.58 1 11
github.com/markitos-it/markitos-it-gogoversion/release.go:63.58,63.80 1 11
github.com/markitos-it/markitos-it-gogoversion/release.go:66.41,71.35 5 0
github.com/markitos-it/markitos-it-gogoversion/release.go:71.35,73.3 1 0
github.com/markitos-it/markitos-it-gogoversion/release.go:74.2,74.15 1 0
github.com/markitos-it/markitos-it-gogoversion/release.go:77.40,79.2 1 0
github.com/markitos-it/markitos-it-gogoversion/release.go:81.39,82.17 1 7
github.com/markitos-it/markitos-it-gogoversion/release.go:82.17,84.3 1 4
github.com/markitos-it/markitos-it-gogoversion/release.go:85.2,85.36 1 3
github.com/markitos-it/markitos-it-gogoversion/release.go:88.43,89.15 1 6
github.com/markitos-it/markitos-it-gogoversion/release.go:89.15,91.3 1 4
github.com/markitos-it/markitos-it-gogoversion/release.go:92.2,92.27 1 2
github.com/markitos-it/markitos-it-gogoversion/repository.go:27.59,29.2 1 0
github.com/markitos-it/markitos-it-gogoversion/repository.go:31.62,33.16 2 0
github.com/markitos-it/markitos-it-gogoversion/repository.go:33.16,35.3 1 0
github.com/markitos-it/markitos-it-gogoversion/repository.go:37.2,38.51 2 0
github.com/markitos-it/markitos-it-gogoversion/repository.go:38.51,41.17 3 0
github.com/markitos-it/markitos-it-gogoversion/repository.go:41.17,43.4 1 0
github.com/markitos-it/markitos-it-gogoversion/repository.go:44.3,44.57 1 0
github.com/markitos-it/markitos-it-gogoversion/repository.go:44.57,46.4 1 0
github.com/markitos-it/markitos-it-gogoversion/repository.go:47.3,47.13 1 0
github.com/markitos-it/markitos-it-gogoversion/repository.go:50.2,50.18 1 0
github.com/markitos-it/markitos-it-gogoversion/repository.go:53.54,55.39 2 0
github.com/markitos-it/markitos-it-gogoversion/repository.go:55.39,57.3 1 0
github.com/markitos-it/markitos-it-gogoversion/repository.go:58.2,58.37 1 0
github.com/markitos-it/markitos-it-gogoversion/repository.go:61.58,63.16 2 0
github.com/markitos-it/markitos-it-gogoversion/repository.go:63.16,65.3 1 0
github.com/markitos-it/markitos-it-gogoversion/repository.go:66.2,66.23 1 0
github.com/markitos-it/markitos-it-gogoversion/repository.go:69.82,71.16 2 0
github.com/markitos-it/markitos-it-gogoversion/repository.go:71.16,73.3 1 0
github.com/markitos-it/markitos-it-gogoversion/repository.go:75.2,78.16 3 0
github.com/markitos-it/markitos-it-gogoversion/repository.go:78.16,80.3 1 0
github.com/markitos-it/markitos-it-gogoversion/repository.go:82.2,83.44 2 0
github.com/markitos-it/markitos-it-gogoversion/repository.go:83.44,84.24 1 0
github.com/markitos-it/markitos-it-gogoversion/repository.go:84.24,86.4 1 0
github.com/markitos-it/markitos-it-gogoversion/repository.go:87.3,88.13 2 0
github.com/markitos-it/markitos-it-gogoversion/repository.go:91.2,91.21 1 0
github.com/markitos-it/markitos-it-gogoversion/repository.go:94.69,97.51 3 0
github.com/markitos-it/markitos-it-gogoversion/repository.go:97.51,99.19 2 0
github.com/markitos-it/markitos-it-gogoversion/repository.go:99.19,101.4 1 0
github.com/markitos-it/markitos-it-gogoversion/repository.go:102.3,102.57 1 0
github.com/markitos-it/markitos-it-gogoversion/repository.go:102.57,104.4 1 0
github.com/markitos-it/markitos-it-gogoversion/repository.go:104.9,106.4 1 0
github.com/markitos-it/markitos-it-gogoversion/repository.go:107.3,107.13 1 0
github.com/markitos-it/markitos-it-gogoversion/repository.go:109.2,109.13 1 0
github.com/markitos-it/markitos-it-gogoversion/repository.go:112.60,114.16 2 0
github.com/markitos-it/markitos-it-gogoversion/repository.go:114.16,116.3 1 0
github.com/markitos-it/markitos-it-gogoversion/repository.go:117.2,118.12 2 0
github.com/markitos-it/markitos-it-gogoversion/repository.go:121.60,123.2 1 0
github.com/markitos-it/markitos-it-gogoversion/undo.go:5.45,7.16 2 0
github.com/markitos-it/markitos-it-gogoversion/undo.go:7.16,9.3 1 0
github.com/markitos-it/markitos-it-gogoversion/undo.go:11.2,12.16 2 0
github.com/markitos-it/markitos-it-gogoversion/undo.go:12.16,14.3 1 0
github.com/markitos-it/markitos-it-gogoversion/undo.go:15.2,15.19 1 0
github.com/markitos-it/markitos-it-gogoversion/undo.go:15.19,18.3 2 0
github.com/markitos-it/markitos-it-gogoversion/undo.go:20.2,20.49 1 0
github.com/markitos-it/markitos-it-gogoversion/undo.go:20.49,22.3 1 0
github.com/markitos-it/markitos-it-gogoversion/undo.go:23.2,26.16 3 0
github.com/markitos-it/markitos-it-gogoversion/undo.go:26.16,28.3 1 0
github.com/markitos-it/markitos-it-gogoversion/undo.go:29.2,29.13 1 0
github.com/markitos-it/markitos-it-gogoversion/undo.go:29.13,31.3 1 0
github.com/markitos-it/markitos-it-gogoversion/undo.go:31.8,33.3 1 0
github.com/markitos-it/markitos-it-gogoversion/undo.go:35.2,36.12 2 0
